[03:59:20] Database -- No se puede establecer la conexión al servidor.
[04:26:44] Usuario -- Intento de inicio de sesión con el rut qwe
[04:26:57] Usuario -- Intento de inicio de sesión con el rut 123456789
[04:27:21] Usuario -- Intento de inicio de sesión con el rut 172778054
[04:30:56] Usuario -- Intento de inicio de sesión con el rut 172778054
[04:31:08] Usuario -- Intento de inicio de sesión con el rut 123456789
[04:32:55] Usuario -- Intento de inicio de sesión con el rut 123456789
[04:32:59] Usuario -- Intento de inicio de sesión con el rut 123456789
[04:35:19] Usuario -- Intento de inicio de sesión con el rut 123456789
[04:41:54] Usuario -- El usuario Vendedor 1 a iniciado sesión.
[09:29:57] Usuario -- El usuario Pablo Hernandez a iniciado sesion.
[09:35:32] Usuario -- El usuario Vendedor 1 a iniciado sesion.
[09:37:31] Usuario -- El usuario Vendedor 1 a iniciado sesion.
[09:41:39] Usuario -- El usuario Vendedor 1 a iniciado sesion.
[09:41:39]  -- PRUEBA CON EL USUARIO: Vendedor 1
[09:44:12] Usuario -- El usuario Vendedor 1 a iniciado sesion.
[09:44:12]  -- y
[09:47:16] Usuario -- El usuario Vendedor 1 a iniciado sesion.
[09:49:42] Usuario -- El usuario Vendedor 1 a iniciado sesion.
[09:50:07] Usuario -- El usuario Vendedor 1 a iniciado sesion.
